<?xml version="1.0" encoding="UTF-8"?>
<!-- Generated by org.testng.reporters.JUnitReportReporter -->
<testsuite hostname="PC326" name="de.regiocast.portal.services.replica.ReplicaServiceIntegrationTest" tests="24" failures="0" timestamp="19 Sep 2013 08:57:48 GMT" time="1.880" errors="0">
  <testcase name="testSyncUpdateClient" time="0.042" classname="de.regiocast.portal.services.replica.ReplicaServiceIntegrationTest"/>
  <testcase name="testSyncInsertRadiostation" time="0.086" classname="de.regiocast.portal.services.replica.ReplicaServiceIntegrationTest"/>
  <testcase name="testSyncDeleteEmployees" time="0.125" classname="de.regiocast.portal.services.replica.ReplicaServiceIntegrationTest"/>
  <testcase name="testSyncInsertCostUnit" time="0.070" classname="de.regiocast.portal.services.replica.ReplicaServiceIntegrationTest"/>
  <testcase name="testSyncInsertLocation" time="0.087" classname="de.regiocast.portal.services.replica.ReplicaServiceIntegrationTest"/>
  <testcase name="testSyncUpdateState" time="0.028" classname="de.regiocast.portal.services.replica.ReplicaServiceIntegrationTest"/>
  <testcase name="testSyncDeleteContractType" time="0.035" classname="de.regiocast.portal.services.replica.ReplicaServiceIntegrationTest"/>
  <testcase name="testSyncDeleteCostcenter" time="0.053" classname="de.regiocast.portal.services.replica.ReplicaServiceIntegrationTest"/>
  <testcase name="testSyncDeleteClient" time="0.022" classname="de.regiocast.portal.services.replica.ReplicaServiceIntegrationTest"/>
  <testcase name="testSyncInsertCostcenter" time="0.074" classname="de.regiocast.portal.services.replica.ReplicaServiceIntegrationTest"/>
  <testcase name="testSyncUpdateEmployees" time="0.188" classname="de.regiocast.portal.services.replica.ReplicaServiceIntegrationTest"/>
  <testcase name="testSyncInsertEmployees" time="0.197" classname="de.regiocast.portal.services.replica.ReplicaServiceIntegrationTest"/>
  <testcase name="testSyncUpdateCostUnit" time="0.057" classname="de.regiocast.portal.services.replica.ReplicaServiceIntegrationTest"/>
  <testcase name="testSyncInsertContractType" time="0.068" classname="de.regiocast.portal.services.replica.ReplicaServiceIntegrationTest"/>
  <testcase name="testSyncUpdateLocation" time="0.071" classname="de.regiocast.portal.services.replica.ReplicaServiceIntegrationTest"/>
  <testcase name="testSyncDeleteRadiostation" time="0.057" classname="de.regiocast.portal.services.replica.ReplicaServiceIntegrationTest"/>
  <testcase name="testSyncDeleteState" time="0.023" classname="de.regiocast.portal.services.replica.ReplicaServiceIntegrationTest"/>
  <testcase name="testSyncUpdateRadiostation" time="0.083" classname="de.regiocast.portal.services.replica.ReplicaServiceIntegrationTest"/>
  <testcase name="testSyncDeleteCostunit" time="0.054" classname="de.regiocast.portal.services.replica.ReplicaServiceIntegrationTest"/>
  <testcase name="testSyncInsertState" time="0.058" classname="de.regiocast.portal.services.replica.ReplicaServiceIntegrationTest"/>
  <testcase name="testSyncUpdateContractType" time="0.059" classname="de.regiocast.portal.services.replica.ReplicaServiceIntegrationTest"/>
  <testcase name="testSyncDeleteLocation" time="0.057" classname="de.regiocast.portal.services.replica.ReplicaServiceIntegrationTest"/>
  <testcase name="testSyncInsertClient" time="0.240" classname="de.regiocast.portal.services.replica.ReplicaServiceIntegrationTest"/>
  <testcase name="testSyncUpdateCostcenter" time="0.046" classname="de.regiocast.portal.services.replica.ReplicaServiceIntegrationTest"/>
</testsuite> <!-- de.regiocast.portal.services.replica.ReplicaServiceIntegrationTest -->
