<?xml version="1.0" encoding="UTF-8"?>
<!-- Generated by org.testng.reporters.JUnitReportReporter -->
<testsuite hostname="PC326" name="de.regiocast.portal.services.corporatedata.CorporateDataServiceIntegrationTest" tests="22" failures="0" timestamp="19 Sep 2013 08:54:38 GMT" time="1.169" errors="0">
  <testcase name="testEditVoucherRecord" time="0.020" classname="de.regiocast.portal.services.corporatedata.CorporateDataServiceIntegrationTest"/>
  <testcase name="testEditCountryAndExpenseRecord" time="0.044" classname="de.regiocast.portal.services.corporatedata.CorporateDataServiceIntegrationTest"/>
  <testcase name="testEditRadioStationRecord" time="0.041" classname="de.regiocast.portal.services.corporatedata.CorporateDataServiceIntegrationTest"/>
  <testcase name="testInsertLocationAndMarketareaRecord" time="0.016" classname="de.regiocast.portal.services.corporatedata.CorporateDataServiceIntegrationTest"/>
  <testcase name="testInsertDepartmentRecord" time="0.034" classname="de.regiocast.portal.services.corporatedata.CorporateDataServiceIntegrationTest"/>
  <testcase name="testInsertVoucherRecord" time="0.012" classname="de.regiocast.portal.services.corporatedata.CorporateDataServiceIntegrationTest"/>
  <testcase name="testGetDimensionByClientId" time="0.120" classname="de.regiocast.portal.services.corporatedata.CorporateDataServiceIntegrationTest"/>
  <testcase name="testInsertCountryAndExpenseRecord" time="0.017" classname="de.regiocast.portal.services.corporatedata.CorporateDataServiceIntegrationTest"/>
  <testcase name="testEditHolidayRecord" time="0.104" classname="de.regiocast.portal.services.corporatedata.CorporateDataServiceIntegrationTest"/>
  <testcase name="testInsertJobEmployeeRecord" time="0.018" classname="de.regiocast.portal.services.corporatedata.CorporateDataServiceIntegrationTest"/>
  <testcase name="testEditJobHierarchyRecord" time="0.024" classname="de.regiocast.portal.services.corporatedata.CorporateDataServiceIntegrationTest"/>
  <testcase name="testInsertJobHierarchyRecord" time="0.007" classname="de.regiocast.portal.services.corporatedata.CorporateDataServiceIntegrationTest"/>
  <testcase name="testInsertHolidayRecord" time="0.183" classname="de.regiocast.portal.services.corporatedata.CorporateDataServiceIntegrationTest"/>
  <testcase name="testEditDepartmentRecord" time="0.050" classname="de.regiocast.portal.services.corporatedata.CorporateDataServiceIntegrationTest"/>
  <testcase name="testEditCategoryAndInvoiceTaskRecord" time="0.128" classname="de.regiocast.portal.services.corporatedata.CorporateDataServiceIntegrationTest"/>
  <testcase name="testInsertCategoryAndInvoiceTaskRecord" time="0.042" classname="de.regiocast.portal.services.corporatedata.CorporateDataServiceIntegrationTest"/>
  <testcase name="testInsertRadioStationRecord" time="0.072" classname="de.regiocast.portal.services.corporatedata.CorporateDataServiceIntegrationTest"/>
  <testcase name="testEditJobRecord" time="0.093" classname="de.regiocast.portal.services.corporatedata.CorporateDataServiceIntegrationTest"/>
  <testcase name="testInsertEECategoryAndItemRecord" time="0.011" classname="de.regiocast.portal.services.corporatedata.CorporateDataServiceIntegrationTest"/>
  <testcase name="testInsertJobRecord" time="0.008" classname="de.regiocast.portal.services.corporatedata.CorporateDataServiceIntegrationTest"/>
  <testcase name="testEditJobEmployeeRecord" time="0.078" classname="de.regiocast.portal.services.corporatedata.CorporateDataServiceIntegrationTest"/>
  <testcase name="testEditEECategoryAndItemRecord" time="0.047" classname="de.regiocast.portal.services.corporatedata.CorporateDataServiceIntegrationTest"/>
</testsuite> <!-- de.regiocast.portal.services.corporatedata.CorporateDataServiceIntegrationTest -->
