<?xml version="1.0" encoding="UTF-8"?>
<!-- Generated by org.testng.reporters.JUnitReportReporter -->
<testsuite hostname="PC326" name="de.eex.intranet.portal.services.ShoutboxServiceIntegrationTest" tests="2" failures="0" timestamp="9 Oct 2013 03:30:26 GMT" time="0.264" errors="0">
  <testcase name="testLoadMesg" time="0.251" classname="de.eex.intranet.portal.services.ShoutboxServiceIntegrationTest"/>
  <testcase name="testInsertMesg" time="0.013" classname="de.eex.intranet.portal.services.ShoutboxServiceIntegrationTest"/>
</testsuite> <!-- de.eex.intranet.portal.services.ShoutboxServiceIntegrationTest -->
