<?xml version="1.0" encoding="UTF-8"?>
<!-- Generated by org.testng.reporters.JUnitReportReporter -->
<testsuite hostname="PC326" name="de.eex.intranet.portal.services.UserInformationServiceIntegrationTest" tests="5" failures="0" timestamp="9 Oct 2013 04:22:59 GMT" time="0.579" errors="0">
  <testcase name="testLimitedUserInformations" time="0.029" classname="de.eex.intranet.portal.services.UserInformationServiceIntegrationTest"/>
  <testcase name="testGetUserInformationByName" time="0.050" classname="de.eex.intranet.portal.services.UserInformationServiceIntegrationTest"/>
  <testcase name="testDeleteUserInformation" time="0.101" classname="de.eex.intranet.portal.services.UserInformationServiceIntegrationTest"/>
  <testcase name="testInsertUserInformation" time="0.069" classname="de.eex.intranet.portal.services.UserInformationServiceIntegrationTest"/>
  <testcase name="testInsertUserInformationList" time="0.330" classname="de.eex.intranet.portal.services.UserInformationServiceIntegrationTest"/>
</testsuite> <!-- de.eex.intranet.portal.services.UserInformationServiceIntegrationTest -->
