<?xml version="1.0" encoding="UTF-8"?>
<!-- Generated by org.testng.reporters.JUnitReportReporter -->
<testsuite hostname="PC326" name="de.regiocast.portal.services.userprovisioning.UserProvisioningServiceIntegrationTest" tests="9" failures="0" timestamp="19 Sep 2013 08:51:08 GMT" time="0.602" errors="0">
  <testcase name="testDeleteDepartmentJHApplicationAccess" time="0.096" classname="de.regiocast.portal.services.userprovisioning.UserProvisioningServiceIntegrationTest"/>
  <testcase name="testEditRoleRecord" time="0.043" classname="de.regiocast.portal.services.userprovisioning.UserProvisioningServiceIntegrationTest"/>
  <testcase name="testEditFunctionRecord" time="0.042" classname="de.regiocast.portal.services.userprovisioning.UserProvisioningServiceIntegrationTest"/>
  <testcase name="testEditApplicationRecord" time="0.025" classname="de.regiocast.portal.services.userprovisioning.UserProvisioningServiceIntegrationTest"/>
  <testcase name="testInsertRoleRecord" time="0.022" classname="de.regiocast.portal.services.userprovisioning.UserProvisioningServiceIntegrationTest"/>
  <testcase name="testInsertDepartmentJHApplicationAccess" time="0.011" classname="de.regiocast.portal.services.userprovisioning.UserProvisioningServiceIntegrationTest"/>
  <testcase name="testInsertApplicationRecord" time="0.057" classname="de.regiocast.portal.services.userprovisioning.UserProvisioningServiceIntegrationTest"/>
  <testcase name="testEditDepartmentJHApplicationAccess" time="0.169" classname="de.regiocast.portal.services.userprovisioning.UserProvisioningServiceIntegrationTest"/>
  <testcase name="testInsertFunctionRecord" time="0.137" classname="de.regiocast.portal.services.userprovisioning.UserProvisioningServiceIntegrationTest"/>
</testsuite> <!-- de.regiocast.portal.services.userprovisioning.UserProvisioningServiceIntegrationTest -->
