<?xml version="1.0" encoding="UTF-8"?>
<!-- Generated by org.testng.reporters.JUnitReportReporter -->
<testsuite hostname="PC326" name="de.eex.intranet.portal.dao.ShoutboxDaoIntegrationTest" tests="2" failures="0" timestamp="9 Oct 2013 03:30:05 GMT" time="0.259" errors="0">
  <testcase name="testLoadMesg" time="0.246" classname="de.eex.intranet.portal.dao.ShoutboxDaoIntegrationTest"/>
  <testcase name="testInsertMesg" time="0.013" classname="de.eex.intranet.portal.dao.ShoutboxDaoIntegrationTest"/>
</testsuite> <!-- de.eex.intranet.portal.dao.ShoutboxDaoIntegrationTest -->
