<?xml version="1.0" encoding="UTF-8"?>
<!-- Generated by org.testng.reporters.JUnitReportReporter -->
<testsuite hostname="PC326" name="com.eex.intranet.portlet.EIC_CheckerTest" tests="3" failures="0" timestamp="9 Oct 2013 04:31:45 GMT" time="0.023" errors="0">
  <testcase name="testCheckValid" time="0.006" classname="com.eex.intranet.portlet.EIC_CheckerTest"/>
  <testcase name="testInValid" time="0.005" classname="com.eex.intranet.portlet.EIC_CheckerTest"/>
  <testcase name="testRandomEicCode" time="0.012" classname="com.eex.intranet.portlet.EIC_CheckerTest"/>
</testsuite> <!-- com.eex.intranet.portlet.EIC_CheckerTest -->
